  [1m[35mSQL (0.1ms)[0m  [1m[35mSET search_path TO public /*application='TrekkerApi'*/[0m
  [1m[35m (130.2ms)[0m  [1m[35mCREATE DATABASE "trekker_api_development" ENCODING = 'unicode' /*application='TrekkerApi'*/[0m
  [1m[35mSQL (0.0ms)[0m  [1m[35mSET search_path TO public /*application='TrekkerApi'*/[0m
  [1m[35m (32.2ms)[0m  [1m[35mCREATE DATABASE "trekker_api_test" ENCODING = 'unicode' /*application='TrekkerApi'*/[0m
  [1m[35m (5.0ms)[0m  [1m[35mCREATE TABLE "schema_migrations" ("version" character varying NOT NULL PRIMARY KEY) /*application='TrekkerApi'*/[0m
  [1m[35m (2.2ms)[0m  [1m[35mCREATE TABLE "ar_internal_metadata" ("key" character varying NOT NULL PRIMARY KEY, "value" character varying, "created_at" timestamp(6) NOT NULL, "updated_at" timestamp(6) NOT NULL) /*application='TrekkerApi'*/[0m
  [1m[35m (0.1ms)[0m  [1m[34mSELECT pg_try_advisory_lock(401616889531267725) /*application='TrekkerApi'*/[0m
  [1m[36mActiveRecord::SchemaMigration Load (0.5ms)[0m  [1m[34mSELECT "schema_migrations"."version" FROM "schema_migrations" ORDER BY "schema_migrations"."version" ASC /*application='TrekkerApi'*/[0m
  [1m[36mActiveRecord::InternalMetadata Load (0.6ms)[0m  [1m[34mSELECT * FROM "ar_internal_metadata" WHERE "ar_internal_metadata"."key" = 'environment' ORDER BY "ar_internal_metadata"."key" ASC LIMIT 1 /*application='TrekkerApi'*/[0m
  [1m[36mActiveRecord::InternalMetadata Create (0.2ms)[0m  [1m[32mINSERT INTO "ar_internal_metadata" ("key", "value", "created_at", "updated_at") VALUES ('environment', 'development', '2026-03-19 04:25:09.861124', '2026-03-19 04:25:09.861125') RETURNING "key" /*application='TrekkerApi'*/[0m
Migrating to CreateSubmissions (20260318000001)
  [1m[36mTRANSACTION (0.0ms)[0m  [1m[35mBEGIN /*application='TrekkerApi'*/[0m
  [1m[35m (4.9ms)[0m  [1m[35mCREATE TABLE "submissions" ("id" bigserial primary key, "name" character varying NOT NULL, "activity_date" date NOT NULL, "input_type" character varying NOT NULL, "input_value" decimal(10,4) NOT NULL, "converted_miles" decimal(10,4) NOT NULL, "imported" boolean DEFAULT FALSE NOT NULL, "created_at" timestamp(6) NOT NULL, "updated_at" timestamp(6) NOT NULL) /*application='TrekkerApi'*/[0m
  [1m[35m (0.8ms)[0m  [1m[35mCREATE INDEX "idx_submissions_converted_miles" ON "submissions" ("converted_miles") /*application='TrekkerApi'*/[0m
  [1m[35m (0.8ms)[0m  [1m[35mCREATE INDEX "idx_submissions_activity_date" ON "submissions" ("activity_date") /*application='TrekkerApi'*/[0m
  [1m[35m (0.9ms)[0m  [1m[35mCREATE INDEX "idx_submissions_created_at" ON "submissions" ("created_at") /*application='TrekkerApi'*/[0m
  [1m[35m (0.7ms)[0m  [1m[35mCREATE INDEX "idx_submissions_imported" ON "submissions" ("imported") /*application='TrekkerApi'*/[0m
  [1m[36mActiveRecord::SchemaMigration Create (0.1ms)[0m  [1m[32mINSERT INTO "schema_migrations" ("version") VALUES ('20260318000001') RETURNING "version" /*application='TrekkerApi'*/[0m
  [1m[36mTRANSACTION (0.2ms)[0m  [1m[35mCOMMIT /*application='TrekkerApi'*/[0m
Migrating to CreateMilestones (20260318000002)
  [1m[36mTRANSACTION (0.2ms)[0m  [1m[35mBEGIN /*application='TrekkerApi'*/[0m
  [1m[35m (1.6ms)[0m  [1m[35mCREATE TABLE "milestones" ("id" bigserial primary key, "name" character varying NOT NULL, "milestone_type" character varying NOT NULL, "mile_marker" decimal(10,4) NOT NULL, "description" text, "fun_fact" text, "triggered" boolean DEFAULT FALSE NOT NULL, "triggered_at" timestamp(6), "display_order" integer, "created_at" timestamp(6) NOT NULL, "updated_at" timestamp(6) NOT NULL) /*application='TrekkerApi'*/[0m
  [1m[35m (0.3ms)[0m  [1m[35mCREATE INDEX "idx_milestones_mile_marker" ON "milestones" ("mile_marker") /*application='TrekkerApi'*/[0m
  [1m[35m (0.6ms)[0m  [1m[35mCREATE INDEX "idx_milestones_triggered" ON "milestones" ("triggered") /*application='TrekkerApi'*/[0m
  [1m[35m (0.7ms)[0m  [1m[35mCREATE INDEX "idx_milestones_type" ON "milestones" ("milestone_type") /*application='TrekkerApi'*/[0m
  [1m[35m (0.9ms)[0m  [1m[35mCREATE INDEX "idx_milestones_triggered_mile_marker" ON "milestones" ("triggered", "mile_marker") /*application='TrekkerApi'*/[0m
  [1m[36mActiveRecord::SchemaMigration Create (0.1ms)[0m  [1m[32mINSERT INTO "schema_migrations" ("version") VALUES ('20260318000002') RETURNING "version" /*application='TrekkerApi'*/[0m
  [1m[36mTRANSACTION (0.3ms)[0m  [1m[35mCOMMIT /*application='TrekkerApi'*/[0m
Migrating to CreateAdminUsers (20260318000003)
  [1m[36mTRANSACTION (0.2ms)[0m  [1m[35mBEGIN /*application='TrekkerApi'*/[0m
  [1m[35m (3.4ms)[0m  [1m[35mCREATE TABLE "admin_users" ("id" bigserial primary key, "username" character varying NOT NULL, "password_digest" character varying NOT NULL, "display_name" character varying, "active" boolean DEFAULT TRUE NOT NULL, "created_at" timestamp(6) NOT NULL, "updated_at" timestamp(6) NOT NULL) /*application='TrekkerApi'*/[0m
  [1m[35m (0.9ms)[0m  [1m[35mCREATE UNIQUE INDEX "uq_admin_users_username" ON "admin_users" ("username") /*application='TrekkerApi'*/[0m
  [1m[36mActiveRecord::SchemaMigration Create (0.1ms)[0m  [1m[32mINSERT INTO "schema_migrations" ("version") VALUES ('20260318000003') RETURNING "version" /*application='TrekkerApi'*/[0m
  [1m[36mTRANSACTION (0.4ms)[0m  [1m[35mCOMMIT /*application='TrekkerApi'*/[0m
Migrating to CreateAdminSessions (20260318000004)
  [1m[36mTRANSACTION (0.2ms)[0m  [1m[35mBEGIN /*application='TrekkerApi'*/[0m
  [1m[35m (2.5ms)[0m  [1m[35mCREATE TABLE "admin_sessions" ("id" bigserial primary key, "admin_user_id" bigint NOT NULL, "token_digest" character varying NOT NULL, "expires_at" timestamp(6) NOT NULL, "created_from_ip" character varying, "created_at" timestamp(6) NOT NULL, "updated_at" timestamp(6) NOT NULL, CONSTRAINT "fk_rails_e5862922c9"
FOREIGN KEY ("admin_user_id")
  REFERENCES "admin_users" ("id")
) /*application='TrekkerApi'*/[0m
  [1m[35m (0.8ms)[0m  [1m[35mCREATE INDEX "idx_admin_sessions_admin_user_id" ON "admin_sessions" ("admin_user_id") /*application='TrekkerApi'*/[0m
  [1m[35m (0.7ms)[0m  [1m[35mCREATE UNIQUE INDEX "uq_admin_sessions_token_digest" ON "admin_sessions" ("token_digest") /*application='TrekkerApi'*/[0m
  [1m[35m (0.7ms)[0m  [1m[35mCREATE INDEX "idx_admin_sessions_expires_at" ON "admin_sessions" ("expires_at") /*application='TrekkerApi'*/[0m
  [1m[36mActiveRecord::SchemaMigration Create (0.2ms)[0m  [1m[32mINSERT INTO "schema_migrations" ("version") VALUES ('20260318000004') RETURNING "version" /*application='TrekkerApi'*/[0m
  [1m[36mTRANSACTION (0.2ms)[0m  [1m[35mCOMMIT /*application='TrekkerApi'*/[0m
  [1m[35m (0.2ms)[0m  [1m[34mSELECT pg_advisory_unlock(401616889531267725) /*application='TrekkerApi'*/[0m
  [1m[36mActiveRecord::SchemaMigration Load (0.1ms)[0m  [1m[34mSELECT "schema_migrations"."version" FROM "schema_migrations" ORDER BY "schema_migrations"."version" ASC /*application='TrekkerApi'*/[0m
  [1m[35mSQL (0.1ms)[0m  [1m[35mSET search_path TO public /*application='TrekkerApi'*/[0m
  [1m[35mSQL (0.1ms)[0m  [1m[35mSET search_path TO "$user", public /*application='TrekkerApi'*/[0m
  [1m[35mSQL (0.0ms)[0m  [1m[35mSET search_path TO public /*application='TrekkerApi'*/[0m
  [1m[35mSQL (0.0ms)[0m  [1m[35mSET search_path TO "$user", public /*application='TrekkerApi'*/[0m
